
================================================================
======== txAdmin v6.0.2 atop fxserver 7290 Starting - 5/19/2024, 2:52:44 AM
================================================================

================================================================
======== txAdmin v6.0.2 atop fxserver 7290 Starting - 5/19/2024, 2:54:26 AM
================================================================

================================================================
======== txAdmin v6.0.2 atop fxserver 7290 Starting - 5/19/2024, 2:55:10 AM
================================================================

================================================================
======== txAdmin v6.0.2 atop fxserver 7290 Starting - 5/19/2024, 3:41:14 AM
================================================================
[03:42:12][Bunny0603] created admins file
[03:42:34][Bunny0603] Changing global/fxserver settings via setup stepper.

================================================================
======== txAdmin v6.0.2 atop fxserver 7290 Starting - 5/19/2024, 3:43:18 AM
================================================================
[03:43:34][Bunny0603] logged in from 103.134.0.5 via password
[03:44:09][Bunny0603] Adding admin 'reviveuser'.
[03:44:30][reviveuser] logged in from 103.134.0.5 via password
[03:44:43][reviveuser] Changing own password.
