
================================================================
======== FXServer Starting - 5/19/2024, 3:42:34 AM              
================================================================
[           resources] Scanning resources.
[           resources] Found 25 resources.
[          svadhesive] Authenticating server license key...
[          svadhesive] Server license key authentication succeeded. Welcome!
[    c-scripting-core] Creating script environments for sessionmanager
Stack overflow in unmanaged: IP: 0x7136b539ff2f, fault addr: 0x7fff6ea83800
[           resources] Started resource sessionmanager
[    c-scripting-core] Creating script environments for monitor
[      script:monitor] [txAdmin] Resource v6.0.2 threads and commands set up. All Ready.
[           resources] Started resource monitor
[    c-scripting-core] Creating script environments for mapmanager
[           resources] Started resource mapmanager
[    c-scripting-core] Creating script environments for yarn
[           resources] Started resource yarn
[ citizen-server-impl] Running build tasks on resource webpack - it'll restart once completed.
[    c-resources-core] Could not start dependency webpack for resource chat.
[ citizen-server-impl] Couldn't start resource chat.
[           resources] Started resource spawnmanager
[   script:mapmanager] Started gametype Freeroam
[           resources] Started resource basic-gamemode
[           resources] Started resource fivem
[    c-scripting-core] Creating script environments for hardcap
[           resources] Started resource hardcap
[    c-scripting-core] Creating script environments for rconlog
[           resources] Started resource rconlog
[   script:mapmanager] Started map fivem-map-hipster
[           resources] Started resource fivem-map-hipster
[ citizen-server-impl]         fff                          
[ citizen-server-impl]   cccc ff   xx  xx     rr rr    eee  
[ citizen-server-impl] cc     ffff   xx       rrr  r ee   e 
[ citizen-server-impl] cc     ff     xx   ... rr     eeeee  
[ citizen-server-impl]  ccccc ff   xx  xx ... rr      eeeee 
[ citizen-server-impl]                                      
[ citizen-server-impl] Authenticated with cfx.re Nucleus: https://usmant353-zmm7vp.users.cfx.re/

================================================================
======== FXServer Starting - 5/19/2024, 3:43:18 AM              
================================================================
[           resources] Scanning resources.
[           resources] Found 25 resources.
[          svadhesive] Authenticating server license key...
[          svadhesive] Server license key authentication succeeded. Welcome!
[    c-scripting-core] Creating script environments for sessionmanager
[           resources] Started resource sessionmanager
[    c-scripting-core] Creating script environments for monitor
[      script:monitor] [txAdmin] Resource v6.0.2 threads and commands set up. All Ready.
[           resources] Started resource monitor
[    c-scripting-core] Creating script environments for mapmanager
[           resources] Started resource mapmanager
[    c-scripting-core] Creating script environments for yarn
[           resources] Started resource yarn
[ citizen-server-impl] Running build tasks on resource webpack - it'll restart once completed.
[    c-resources-core] Could not start dependency webpack for resource chat.
[ citizen-server-impl] Couldn't start resource chat.
[           resources] Started resource spawnmanager
[   script:mapmanager] Started gametype Freeroam
[           resources] Started resource basic-gamemode
[           resources] Started resource fivem
[    c-scripting-core] Creating script environments for hardcap
[           resources] Started resource hardcap
[    c-scripting-core] Creating script environments for rconlog
[           resources] Started resource rconlog
[   script:mapmanager] Started map fivem-map-hipster
[           resources] Started resource fivem-map-hipster
[ citizen-server-impl]         fff                          
[ citizen-server-impl]   cccc ff   xx  xx     rr rr    eee  
[ citizen-server-impl] cc     ffff   xx       rrr  r ee   e 
[ citizen-server-impl] cc     ff     xx   ... rr     eeeee  
[ citizen-server-impl]  ccccc ff   xx  xx ... rr      eeeee 
[ citizen-server-impl]                                      
[ citizen-server-impl] Authenticated with cfx.re Nucleus: https://usmant353-zmm7vp.users.cfx.re/
[         script:yarn] [yarn]	yarn install v1.22.5
[         script:yarn] [yarn]	[1/4] Resolving packages...
[         script:yarn] [yarn]	[2/4] Fetching packages...
[         script:yarn] [yarn]	info fsevents@2.3.1: The platform "linux" is incompatible with this module.
[         script:yarn] [yarn]	info "fsevents@2.3.1" is an optional dependency and failed compatibility check. Excluding it from installation.
[         script:yarn] [yarn]	info fsevents@1.2.13: The platform "linux" is incompatible with this module.
[         script:yarn] info "fsevents@1.2.13" is an optional dependency and failed compatibility check. Excluding it from installation.
[         script:yarn] [yarn]	[3/4] Linking dependencies...
[         script:yarn] [yarn]	[4/4] Building fresh packages...
[         script:yarn] Error: [yarn]	warning Ignored scripts due to flag.
[         script:yarn] [yarn]	Done in 5.53s.
[ citizen-server-impl] Build tasks completed - starting resource webpack.
[    c-scripting-core] Creating script environments for webpack
[ citizen-server-impl] Running build tasks on resource chat - it'll restart once completed.
[           resources] Started resource webpack
[         script:yarn] [yarn]	yarn install v1.22.5
[         script:yarn] [yarn]	[1/4] Resolving packages...
[         script:yarn] [yarn]	[2/4] Fetching packages...
[         script:yarn] [yarn]	info fsevents@1.2.11: The platform "linux" is incompatible with this module.
[         script:yarn] [yarn]	info "fsevents@1.2.11" is an optional dependency and failed compatibility check. Excluding it from installation.
[         script:yarn] [yarn]	[3/4] Linking dependencies...
[         script:yarn] [yarn]	[4/4] Building fresh packages...
[         script:yarn] Error: [yarn]	warning Ignored scripts due to flag.
[         script:yarn] [yarn]	Done in 9.81s.
[      script:webpack] chat: started building webpack.config.js
[ citizen-server-impl] server thread hitch warning: timer interval of 665 milliseconds
> txaEvent "adminsUpdated" "[]"
[      script:webpack] chat: built webpack.config.js
[ citizen-server-impl] Build tasks completed - starting resource chat.
[    c-scripting-core] Creating script environments for chat
[           resources] Started resource chat
> txaEvent "adminsUpdated" "[]"
